{"C:\\Programacao\\Mestrado\\Relay\\Relay\\src\\authServer.js": {"path":"C:\\Programacao\\Mestrado\\Relay\\Relay\\src\\authServer.js","statementMap":{"0":{"start":{"line":1,"column":0},"end":{"line":1,"column":27}},"1":{"start":{"line":3,"column":16},"end":{"line":3,"column":34}},"2":{"start":{"line":4,"column":12},"end":{"line":4,"column":35}},"3":{"start":{"line":5,"column":15},"end":{"line":5,"column":32}},"4":{"start":{"line":6,"column":13},"end":{"line":6,"column":34}},"5":{"start":{"line":8,"column":12},"end":{"line":8,"column":21}},"6":{"start":{"line":9,"column":0},"end":{"line":9,"column":24}},"7":{"start":{"line":11,"column":20},"end":{"line":11,"column":22}},"8":{"start":{"line":14,"column":2},"end":{"line":14,"column":79}},"9":{"start":{"line":17,"column":0},"end":{"line":38,"column":3}},"10":{"start":{"line":18,"column":36},"end":{"line":18,"column":44}},"11":{"start":{"line":20,"column":2},"end":{"line":21,"column":70}},"12":{"start":{"line":21,"column":4},"end":{"line":21,"column":70}},"13":{"start":{"line":23,"column":2},"end":{"line":37,"column":3}},"14":{"start":{"line":25,"column":19},"end":{"line":25,"column":27}},"15":{"start":{"line":26,"column":4},"end":{"line":29,"column":6}},"16":{"start":{"line":30,"column":4},"end":{"line":30,"column":44}},"17":{"start":{"line":32,"column":4},"end":{"line":32,"column":23}},"18":{"start":{"line":33,"column":4},"end":{"line":35,"column":5}},"19":{"start":{"line":34,"column":6},"end":{"line":34,"column":58}},"20":{"start":{"line":36,"column":4},"end":{"line":36,"column":24}},"21":{"start":{"line":40,"column":0},"end":{"line":51,"column":3}},"22":{"start":{"line":41,"column":23},"end":{"line":41,"column":37}},"23":{"start":{"line":42,"column":2},"end":{"line":42,"column":55}},"24":{"start":{"line":42,"column":28},"end":{"line":42,"column":55}},"25":{"start":{"line":44,"column":2},"end":{"line":44,"column":72}},"26":{"start":{"line":44,"column":45},"end":{"line":44,"column":72}},"27":{"start":{"line":46,"column":2},"end":{"line":50,"column":5}},"28":{"start":{"line":47,"column":4},"end":{"line":47,"column":40}},"29":{"start":{"line":47,"column":13},"end":{"line":47,"column":40}},"30":{"start":{"line":48,"column":24},"end":{"line":48,"column":66}},"31":{"start":{"line":49,"column":4},"end":{"line":49,"column":43}},"32":{"start":{"line":53,"column":0},"end":{"line":56,"column":3}},"33":{"start":{"line":54,"column":2},"end":{"line":54,"column":76}},"34":{"start":{"line":54,"column":50},"end":{"line":54,"column":74}},"35":{"start":{"line":55,"column":2},"end":{"line":55,"column":22}},"36":{"start":{"line":58,"column":0},"end":{"line":84,"column":3}},"37":{"start":{"line":60,"column":30},"end":{"line":60,"column":38}},"38":{"start":{"line":63,"column":21},"end":{"line":65,"column":4}},"39":{"start":{"line":66,"column":15},"end":{"line":66,"column":33}},"40":{"start":{"line":67,"column":2},"end":{"line":67,"column":72}},"41":{"start":{"line":67,"column":13},"end":{"line":67,"column":72}},"42":{"start":{"line":71,"column":16},"end":{"line":71,"column":42}},"43":{"start":{"line":72,"column":2},"end":{"line":72,"column":75}},"44":{"start":{"line":72,"column":14},"end":{"line":72,"column":75}},"45":{"start":{"line":75,"column":18},"end":{"line":75,"column":52}},"46":{"start":{"line":77,"column":22},"end":{"line":77,"column":50}},"47":{"start":{"line":78,"column":23},"end":{"line":78,"column":74}},"48":{"start":{"line":80,"column":2},"end":{"line":80,"column":35}},"49":{"start":{"line":83,"column":2},"end":{"line":83,"column":69}},"50":{"start":{"line":86,"column":0},"end":{"line":88,"column":1}},"51":{"start":{"line":87,"column":2},"end":{"line":87,"column":69}},"52":{"start":{"line":87,"column":25},"end":{"line":87,"column":67}},"53":{"start":{"line":90,"column":0},"end":{"line":90,"column":21}}},"fnMap":{"0":{"name":"generateAccessToken","decl":{"start":{"line":13,"column":9},"end":{"line":13,"column":28}},"loc":{"start":{"line":13,"column":35},"end":{"line":15,"column":1}},"line":13},"1":{"name":"(anonymous_1)","decl":{"start":{"line":17,"column":26},"end":{"line":17,"column":27}},"loc":{"start":{"line":17,"column":46},"end":{"line":38,"column":1}},"line":17},"2":{"name":"(anonymous_2)","decl":{"start":{"line":40,"column":23},"end":{"line":40,"column":24}},"loc":{"start":{"line":40,"column":43},"end":{"line":51,"column":1}},"line":40},"3":{"name":"(anonymous_3)","decl":{"start":{"line":46,"column":61},"end":{"line":46,"column":62}},"loc":{"start":{"line":46,"column":76},"end":{"line":50,"column":3}},"line":46},"4":{"name":"(anonymous_4)","decl":{"start":{"line":53,"column":26},"end":{"line":53,"column":27}},"loc":{"start":{"line":53,"column":46},"end":{"line":56,"column":1}},"line":53},"5":{"name":"(anonymous_5)","decl":{"start":{"line":54,"column":39},"end":{"line":54,"column":40}},"loc":{"start":{"line":54,"column":50},"end":{"line":54,"column":74}},"line":54},"6":{"name":"(anonymous_6)","decl":{"start":{"line":58,"column":23},"end":{"line":58,"column":24}},"loc":{"start":{"line":58,"column":43},"end":{"line":84,"column":1}},"line":58},"7":{"name":"(anonymous_7)","decl":{"start":{"line":87,"column":19},"end":{"line":87,"column":20}},"loc":{"start":{"line":87,"column":25},"end":{"line":87,"column":67}},"line":87}},"branchMap":{"0":{"loc":{"start":{"line":20,"column":2},"end":{"line":21,"column":70}},"type":"if","locations":[{"start":{"line":20,"column":2},"end":{"line":21,"column":70}},{"start":{},"end":{}}],"line":20},"1":{"loc":{"start":{"line":20,"column":6},"end":{"line":20,"column":34}},"type":"binary-expr","locations":[{"start":{"line":20,"column":6},"end":{"line":20,"column":11}},{"start":{"line":20,"column":15},"end":{"line":20,"column":21}},{"start":{"line":20,"column":25},"end":{"line":20,"column":34}}],"line":20},"2":{"loc":{"start":{"line":33,"column":4},"end":{"line":35,"column":5}},"type":"if","locations":[{"start":{"line":33,"column":4},"end":{"line":35,"column":5}},{"start":{},"end":{}}],"line":33},"3":{"loc":{"start":{"line":42,"column":2},"end":{"line":42,"column":55}},"type":"if","locations":[{"start":{"line":42,"column":2},"end":{"line":42,"column":55}},{"start":{},"end":{}}],"line":42},"4":{"loc":{"start":{"line":44,"column":2},"end":{"line":44,"column":72}},"type":"if","locations":[{"start":{"line":44,"column":2},"end":{"line":44,"column":72}},{"start":{},"end":{}}],"line":44},"5":{"loc":{"start":{"line":47,"column":4},"end":{"line":47,"column":40}},"type":"if","locations":[{"start":{"line":47,"column":4},"end":{"line":47,"column":40}},{"start":{},"end":{}}],"line":47},"6":{"loc":{"start":{"line":67,"column":2},"end":{"line":67,"column":72}},"type":"if","locations":[{"start":{"line":67,"column":2},"end":{"line":67,"column":72}},{"start":{},"end":{}}],"line":67},"7":{"loc":{"start":{"line":72,"column":2},"end":{"line":72,"column":75}},"type":"if","locations":[{"start":{"line":72,"column":2},"end":{"line":72,"column":75}},{"start":{},"end":{}}],"line":72},"8":{"loc":{"start":{"line":86,"column":0},"end":{"line":88,"column":1}},"type":"if","locations":[{"start":{"line":86,"column":0},"end":{"line":88,"column":1}},{"start":{},"end":{}}],"line":86}},"s":{"0":1,"1":1,"2":1,"3":1,"4":1,"5":1,"6":1,"7":1,"8":0,"9":1,"10":0,"11":0,"12":0,"13":0,"14":0,"15":0,"16":0,"17":0,"18":0,"19":0,"20":0,"21":1,"22":0,"23":0,"24":0,"25":0,"26":0,"27":0,"28":0,"29":0,"30":0,"31":0,"32":1,"33":0,"34":0,"35":0,"36":1,"37":0,"38":0,"39":0,"40":0,"41":0,"42":0,"43":0,"44":0,"45":0,"46":0,"47":0,"48":0,"49":0,"50":1,"51":0,"52":0,"53":1},"f":{"0":0,"1":0,"2":0,"3":0,"4":0,"5":0,"6":0,"7":0},"b":{"0":[0,0],"1":[0,0,0],"2":[0,0],"3":[0,0],"4":[0,0],"5":[0,0],"6":[0,0],"7":[0,0],"8":[0,1]},"_coverageSchema":"1a1c01bbd47fc00a2c39e90264f33305004495a9","hash":"5b4c83f25e20f048f7115b3822a6641069ed9957"}
,"C:\\Programacao\\Mestrado\\Relay\\Relay\\src\\server.js": {"path":"C:\\Programacao\\Mestrado\\Relay\\Relay\\src\\server.js","statementMap":{"0":{"start":{"line":1,"column":0},"end":{"line":1,"column":27}},"1":{"start":{"line":3,"column":16},"end":{"line":3,"column":34}},"2":{"start":{"line":4,"column":12},"end":{"line":4,"column":21}},"3":{"start":{"line":5,"column":13},"end":{"line":5,"column":34}},"4":{"start":{"line":7,"column":12},"end":{"line":7,"column":35}},"5":{"start":{"line":9,"column":0},"end":{"line":9,"column":24}},"6":{"start":{"line":12,"column":21},"end":{"line":12,"column":49}},"7":{"start":{"line":13,"column":16},"end":{"line":13,"column":54}},"8":{"start":{"line":14,"column":2},"end":{"line":14,"column":48}},"9":{"start":{"line":14,"column":21},"end":{"line":14,"column":48}},"10":{"start":{"line":16,"column":2},"end":{"line":20,"column":5}},"11":{"start":{"line":17,"column":4},"end":{"line":17,"column":40}},"12":{"start":{"line":17,"column":13},"end":{"line":17,"column":40}},"13":{"start":{"line":18,"column":4},"end":{"line":18,"column":20}},"14":{"start":{"line":19,"column":4},"end":{"line":19,"column":11}},"15":{"start":{"line":24,"column":0},"end":{"line":55,"column":3}},"16":{"start":{"line":25,"column":17},"end":{"line":25,"column":37}},"17":{"start":{"line":26,"column":2},"end":{"line":54,"column":3}},"18":{"start":{"line":27,"column":4},"end":{"line":27,"column":32}},"19":{"start":{"line":28,"column":4},"end":{"line":45,"column":11}},"20":{"start":{"line":46,"column":4},"end":{"line":46,"column":33}},"21":{"start":{"line":47,"column":4},"end":{"line":47,"column":24}},"22":{"start":{"line":49,"column":4},"end":{"line":49,"column":35}},"23":{"start":{"line":50,"column":4},"end":{"line":50,"column":51}},"24":{"start":{"line":51,"column":4},"end":{"line":51,"column":24}},"25":{"start":{"line":53,"column":4},"end":{"line":53,"column":21}},"26":{"start":{"line":57,"column":0},"end":{"line":75,"column":3}},"27":{"start":{"line":58,"column":17},"end":{"line":58,"column":37}},"28":{"start":{"line":59,"column":2},"end":{"line":74,"column":3}},"29":{"start":{"line":60,"column":4},"end":{"line":60,"column":32}},"30":{"start":{"line":61,"column":4},"end":{"line":65,"column":11}},"31":{"start":{"line":66,"column":4},"end":{"line":66,"column":33}},"32":{"start":{"line":67,"column":4},"end":{"line":67,"column":24}},"33":{"start":{"line":69,"column":4},"end":{"line":69,"column":35}},"34":{"start":{"line":70,"column":4},"end":{"line":70,"column":54}},"35":{"start":{"line":71,"column":4},"end":{"line":71,"column":24}},"36":{"start":{"line":73,"column":4},"end":{"line":73,"column":21}},"37":{"start":{"line":77,"column":0},"end":{"line":80,"column":3}},"38":{"start":{"line":78,"column":17},"end":{"line":78,"column":56}},"39":{"start":{"line":79,"column":2},"end":{"line":79,"column":24}},"40":{"start":{"line":82,"column":0},"end":{"line":88,"column":3}},"41":{"start":{"line":84,"column":17},"end":{"line":86,"column":4}},"42":{"start":{"line":87,"column":2},"end":{"line":87,"column":24}},"43":{"start":{"line":91,"column":0},"end":{"line":114,"column":3}},"44":{"start":{"line":93,"column":4},"end":{"line":93,"column":12}},"45":{"start":{"line":94,"column":17},"end":{"line":94,"column":30}},"46":{"start":{"line":96,"column":2},"end":{"line":113,"column":3}},"47":{"start":{"line":97,"column":4},"end":{"line":107,"column":6}},"48":{"start":{"line":109,"column":4},"end":{"line":109,"column":44}},"49":{"start":{"line":111,"column":4},"end":{"line":111,"column":23}},"50":{"start":{"line":112,"column":4},"end":{"line":112,"column":24}},"51":{"start":{"line":116,"column":0},"end":{"line":118,"column":1}},"52":{"start":{"line":117,"column":2},"end":{"line":117,"column":69}},"53":{"start":{"line":117,"column":25},"end":{"line":117,"column":67}},"54":{"start":{"line":120,"column":0},"end":{"line":120,"column":21}}},"fnMap":{"0":{"name":"authenticateToken","decl":{"start":{"line":11,"column":9},"end":{"line":11,"column":26}},"loc":{"start":{"line":11,"column":43},"end":{"line":21,"column":1}},"line":11},"1":{"name":"(anonymous_1)","decl":{"start":{"line":16,"column":53},"end":{"line":16,"column":54}},"loc":{"start":{"line":16,"column":68},"end":{"line":20,"column":3}},"line":16},"2":{"name":"(anonymous_2)","decl":{"start":{"line":24,"column":19},"end":{"line":24,"column":20}},"loc":{"start":{"line":24,"column":39},"end":{"line":55,"column":1}},"line":24},"3":{"name":"(anonymous_3)","decl":{"start":{"line":57,"column":25},"end":{"line":57,"column":26}},"loc":{"start":{"line":57,"column":45},"end":{"line":75,"column":1}},"line":57},"4":{"name":"(anonymous_4)","decl":{"start":{"line":77,"column":18},"end":{"line":77,"column":19}},"loc":{"start":{"line":77,"column":38},"end":{"line":80,"column":1}},"line":77},"5":{"name":"(anonymous_5)","decl":{"start":{"line":82,"column":46},"end":{"line":82,"column":47}},"loc":{"start":{"line":82,"column":66},"end":{"line":88,"column":1}},"line":82},"6":{"name":"(anonymous_6)","decl":{"start":{"line":91,"column":30},"end":{"line":91,"column":31}},"loc":{"start":{"line":91,"column":50},"end":{"line":114,"column":1}},"line":91},"7":{"name":"(anonymous_7)","decl":{"start":{"line":117,"column":19},"end":{"line":117,"column":20}},"loc":{"start":{"line":117,"column":25},"end":{"line":117,"column":67}},"line":117}},"branchMap":{"0":{"loc":{"start":{"line":13,"column":16},"end":{"line":13,"column":54}},"type":"binary-expr","locations":[{"start":{"line":13,"column":16},"end":{"line":13,"column":26}},{"start":{"line":13,"column":30},"end":{"line":13,"column":54}}],"line":13},"1":{"loc":{"start":{"line":14,"column":2},"end":{"line":14,"column":48}},"type":"if","locations":[{"start":{"line":14,"column":2},"end":{"line":14,"column":48}},{"start":{},"end":{}}],"line":14},"2":{"loc":{"start":{"line":17,"column":4},"end":{"line":17,"column":40}},"type":"if","locations":[{"start":{"line":17,"column":4},"end":{"line":17,"column":40}},{"start":{},"end":{}}],"line":17},"3":{"loc":{"start":{"line":116,"column":0},"end":{"line":118,"column":1}},"type":"if","locations":[{"start":{"line":116,"column":0},"end":{"line":118,"column":1}},{"start":{},"end":{}}],"line":116}},"s":{"0":1,"1":1,"2":1,"3":1,"4":1,"5":1,"6":0,"7":0,"8":0,"9":0,"10":0,"11":0,"12":0,"13":0,"14":0,"15":1,"16":0,"17":0,"18":0,"19":0,"20":0,"21":0,"22":0,"23":0,"24":0,"25":0,"26":1,"27":0,"28":0,"29":0,"30":0,"31":0,"32":0,"33":0,"34":0,"35":0,"36":0,"37":1,"38":1,"39":1,"40":1,"41":0,"42":0,"43":1,"44":0,"45":0,"46":0,"47":0,"48":0,"49":0,"50":0,"51":1,"52":0,"53":0,"54":1},"f":{"0":0,"1":0,"2":0,"3":0,"4":1,"5":0,"6":0,"7":0},"b":{"0":[0,0],"1":[0,0],"2":[0,0],"3":[0,1]},"_coverageSchema":"1a1c01bbd47fc00a2c39e90264f33305004495a9","hash":"0b12177af3d342668213991491b12842fc9306e4"}
}
