TN:
SF:src\server.js
FN:11,authenticateToken
FN:16,(anonymous_1)
FN:24,(anonymous_2)
FN:57,(anonymous_3)
FN:77,(anonymous_4)
FN:82,(anonymous_5)
FN:91,(anonymous_6)
FN:117,(anonymous_7)
FNF:8
FNH:1
FNDA:0,authenticateToken
FNDA:0,(anonymous_1)
FNDA:0,(anonymous_2)
FNDA:0,(anonymous_3)
FNDA:1,(anonymous_4)
FNDA:0,(anonymous_5)
FNDA:0,(anonymous_6)
FNDA:0,(anonymous_7)
DA:1,1
DA:3,1
DA:4,1
DA:5,1
DA:7,1
DA:9,1
DA:12,0
DA:13,0
DA:14,0
DA:16,0
DA:17,0
DA:18,0
DA:19,0
DA:24,1
DA:25,0
DA:26,0
DA:27,0
DA:28,0
DA:46,0
DA:47,0
DA:49,0
DA:50,0
DA:51,0
DA:53,0
DA:57,1
DA:58,0
DA:59,0
DA:60,0
DA:61,0
DA:66,0
DA:67,0
DA:69,0
DA:70,0
DA:71,0
DA:73,0
DA:77,1
DA:78,1
DA:79,1
DA:82,1
DA:84,0
DA:87,0
DA:91,1
DA:93,0
DA:94,0
DA:96,0
DA:97,0
DA:109,0
DA:111,0
DA:112,0
DA:116,1
DA:117,0
DA:120,1
LF:52
LH:15
BRDA:13,0,0,0
BRDA:13,0,1,0
BRDA:14,1,0,0
BRDA:14,1,1,0
BRDA:17,2,0,0
BRDA:17,2,1,0
BRDA:116,3,0,0
BRDA:116,3,1,1
BRF:8
BRH:1
end_of_record
